<?xml version="1.0" encoding="UTF-8"?>
<testng-results ignored="0" total="1" passed="1" failed="0" skipped="0">
  <reporter-output>
  </reporter-output>
  <suite started-at="2021-01-16T23:09:21 IST" name="SampleTest" finished-at="2021-01-16T23:09:33 IST" duration-ms="11981">
    <groups>
    </groups>
    <test started-at="2021-01-16T23:09:21 IST" name="Command line test" finished-at="2021-01-16T23:09:33 IST" duration-ms="11981">
      <class name="SampleTest">
        <test-method signature="test1()[pri:0, instance:SampleTest@3d74bf60]" started-at="2021-01-16T23:09:21 IST" name="test1" finished-at="2021-01-16T23:09:33 IST" duration-ms="11920" status="PASS">
          <reporter-output>
          </reporter-output>
        </test-method> <!-- test1 -->
      </class> <!-- SampleTest -->
    </test> <!-- Command line test -->
  </suite> <!-- SampleTest -->
</testng-results>
